<?xml version="1.0" encoding="UTF-8"?>
<!-- Generated by org.testng.reporters.JUnitReportReporter -->
<testsuite skipped="0" hostname="Harsha.local" name="com.keylessQE.test.Devices.ValveControllerTest" tests="2"
           failures="0" timestamp="2021-08-20T14:43:52 IST" time="125.624" errors="0">
    <testcase name="valveControllerTest1" time="64.918" classname="com.keylessQE.test.Devices.ValveControllerTest"/>
    <system-out/>
    <testcase name="valveControllerTest2" time="60.706" classname="com.keylessQE.test.Devices.ValveControllerTest"/>
    <system-out/>
</testsuite> <!-- com.keylessQE.test.Devices.ValveControllerTest -->
