<?xml version="1.0" encoding="UTF-8"?>
<!-- Generated by org.testng.reporters.JUnitReportReporter -->
<testsuite skipped="0" hostname="Harsha.local" name="com.keylessQE.test.ManageTab.HomeDetailsTest" tests="2"
           failures="0" timestamp="2021-07-27T15:18:01 IST" time="76.844" errors="0">
    <testcase name="homeDetailsTest" time="41.341" classname="com.keylessQE.test.ManageTab.HomeDetailsTest"/>
    <system-out/>
    <testcase name="updateHomeDetails" time="35.503" classname="com.keylessQE.test.ManageTab.HomeDetailsTest"/>
    <system-out/>
</testsuite> <!-- com.keylessQE.test.ManageTab.HomeDetailsTest -->
