<?xml version="1.0" encoding="UTF-8"?>
<!-- Generated by org.testng.reporters.JUnitReportReporter -->
<testsuite skipped="0" hostname="Harsha.local" name="com.keylessQE.test.Devices.LockTest" tests="2" failures="0"
           timestamp="2021-08-20T14:05:11 IST" time="126.395" errors="0">
    <testcase name="lockTest1" time="83.356" classname="com.keylessQE.test.Devices.LockTest"/>
    <system-out/>
    <testcase name="lockTest2" time="43.039" classname="com.keylessQE.test.Devices.LockTest"/>
    <system-out/>
</testsuite> <!-- com.keylessQE.test.Devices.LockTest -->
