<?xml version="1.0" encoding="UTF-8"?>
<!-- Generated by org.testng.reporters.JUnitReportReporter -->
<testsuite skipped="0" hostname="Harsha.local" name="com.keylessQE.test.RegionFilterTest" tests="2" failures="0"
           timestamp="2021-08-18T21:20:02 IST" time="90.737" errors="0">
    <testcase name="regionFilterTestForAssets" time="45.399" classname="com.keylessQE.test.RegionFilterTest"/>
    <system-out/>
    <testcase name="regionFilterTestForFreeDevices" time="45.338" classname="com.keylessQE.test.RegionFilterTest"/>
    <system-out/>
</testsuite> <!-- com.keylessQE.test.RegionFilterTest -->
