<?xml version="1.0" encoding="UTF-8"?>
<!-- Generated by org.testng.reporters.JUnitReportReporter -->
<testsuite skipped="0" hostname="Harsha.local" name="com.keylessQE.test.AccountTab.HomeDetailsTest" tests="1"
           failures="0" timestamp="2021-06-03T20:56:47 IST" time="10.317" errors="0">
    <testcase name="homeDetailsTest" time="10.317" classname="com.keylessQE.test.AccountTab.HomeDetailsTest"/>
    <system-out/>
</testsuite> <!-- com.keylessQE.test.AccountTab.HomeDetailsTest -->
