<?xml version="1.0" encoding="UTF-8"?>
<!-- Generated by org.testng.reporters.JUnitReportReporter -->
<testsuite skipped="0" hostname="Harsha.local" name="com.keylessQE.test.ManageTab.AppUsersTest" tests="4" failures="0"
           timestamp="2021-08-18T21:20:02 IST" time="38.406" errors="0">
    <testcase name="inviteAppUsersTest1" time="13.106" classname="com.keylessQE.test.ManageTab.AppUsersTest"/>
    <system-out/>
    <testcase name="inviteExistingUserTest" time="7.059" classname="com.keylessQE.test.ManageTab.AppUsersTest"/>
    <system-out/>
    <testcase name="deleteAppUsersTest" time="11.146" classname="com.keylessQE.test.ManageTab.AppUsersTest"/>
    <system-out/>
    <testcase name="inviteAppUsersTest2" time="7.095" classname="com.keylessQE.test.ManageTab.AppUsersTest"/>
    <system-out/>
</testsuite> <!-- com.keylessQE.test.ManageTab.AppUsersTest -->
