<?xml version="1.0" encoding="UTF-8"?>
<!-- Generated by org.testng.reporters.JUnitReportReporter -->
<testsuite skipped="0" hostname="Harsha.local" name="com.keylessQE.test.AccountTab.LogoutTest" tests="1" failures="0"
           timestamp="2021-08-18T21:20:02 IST" time="7.133" errors="0">
    <testcase name="logoutTest" time="7.133" classname="com.keylessQE.test.AccountTab.LogoutTest"/>
    <system-out/>
</testsuite> <!-- com.keylessQE.test.AccountTab.LogoutTest -->
