<?xml version="1.0" encoding="UTF-8"?>
<!-- Generated by org.testng.reporters.JUnitReportReporter -->
<testsuite skipped="0" hostname="Harsha" name="com.keylessQE.test.ManagerSettingsTest" tests="1" failures="0"
           timestamp="2021-06-01T18:06:46 IST" time="28.738" errors="0">
    <testcase name="settings" time="28.738" classname="com.keylessQE.test.ManagerSettingsTest"/>
    <system-out/>
</testsuite> <!-- com.keylessQE.test.ManagerSettingsTest -->
