<?xml version="1.0" encoding="UTF-8"?>
<!-- Generated by org.testng.reporters.JUnitReportReporter -->
<testsuite skipped="0" hostname="Harsha.local" name="com.keylessQE.test.ManageTab.DeviceNamesTest" tests="1"
           failures="0" timestamp="2021-08-18T21:20:02 IST" time="65.047" errors="1">
    <testcase name="deviceNamesTest" time="65.047" classname="com.keylessQE.test.ManageTab.DeviceNamesTest">
        <error type="org.openqa.selenium.StaleElementReferenceException"
               message="Cached elements &#039;By.clazz: android.widget.TextView&#039; do not exist in DOM anymore
For documentation on this error, please visit: https://www.seleniumhq.org/exceptions/stale_element_reference.html
Build info: version: &#039;3.141.59&#039;, revision: &#039;e82be7d358&#039;, time: &#039;2018-11-14T08:17:03&#039;
System info: host: &#039;Harsha.local&#039;, ip: &#039;fe80:0:0:0:10c3:a61f:12f6:fcc4%en0&#039;, os.name: &#039;Mac OS X&#039;, os.arch: &#039;x86_64&#039;, os.version: &#039;10.15.7&#039;, java.version: &#039;1.8.0_201&#039;
Driver info: io.appium.java_client.android.AndroidDriver
Capabilities {app: /Users/rentlycoimbatore/Des..., appActivity: com.rently.keylessrn.MainAc..., appPackage: rocks.keyless.app.android, automationName: UiAutomator2, chromeDriverPort: 11000, databaseEnabled: false, desired: {app: /Users/rentlycoimbatore/Des..., appActivity: com.rently.keylessrn.MainAc..., appPackage: rocks.keyless.app.android, automationName: UiAutomator2, chromeDriverPort: 11000, deviceName: lenovo, dontStopAppOnReset: true, platformName: android, skipDeviceInitialization: true, systemPort: 10001, udid: HNB50U8X}, deviceApiLevel: 28, deviceManufacturer: Lenovo, deviceModel: Lenovo L38111, deviceName: HNB50U8X, deviceScreenDensity: 480, deviceScreenSize: 1080x2340, deviceUDID: HNB50U8X, dontStopAppOnReset: true, javascriptEnabled: true, locationContextEnabled: false, networkConnectionEnabled: true, pixelRatio: 3, platform: LINUX, platformName: Android, platformVersion: 9, skipDeviceInitialization: true, statBarHeight: 90, systemPort: 10001, takesScreenshot: true, udid: HNB50U8X, viewportRect: {height: 2016, left: 0, top: 90, width: 1080}, warnings: {}, webStorageEnabled: false}
Session ID: 496eff81-e69f-469e-9bbc-e1fa0d8eda14">
            <![CDATA[org.openqa.selenium.StaleElementReferenceException: Cached elements 'By.clazz: android.widget.TextView' do not exist in DOM anymore
For documentation on this error, please visit: https://www.seleniumhq.org/exceptions/stale_element_reference.html
Build info: version: '3.141.59', revision: 'e82be7d358', time: '2018-11-14T08:17:03'
System info: host: 'Harsha.local', ip: 'fe80:0:0:0:10c3:a61f:12f6:fcc4%en0', os.name: 'Mac OS X', os.arch: 'x86_64', os.version: '10.15.7', java.version: '1.8.0_201'
Driver info: io.appium.java_client.android.AndroidDriver
Capabilities {app: /Users/rentlycoimbatore/Des..., appActivity: com.rently.keylessrn.MainAc..., appPackage: rocks.keyless.app.android, automationName: UiAutomator2, chromeDriverPort: 11000, databaseEnabled: false, desired: {app: /Users/rentlycoimbatore/Des..., appActivity: com.rently.keylessrn.MainAc..., appPackage: rocks.keyless.app.android, automationName: UiAutomator2, chromeDriverPort: 11000, deviceName: lenovo, dontStopAppOnReset: true, platformName: android, skipDeviceInitialization: true, systemPort: 10001, udid: HNB50U8X}, deviceApiLevel: 28, deviceManufacturer: Lenovo, deviceModel: Lenovo L38111, deviceName: HNB50U8X, deviceScreenDensity: 480, deviceScreenSize: 1080x2340, deviceUDID: HNB50U8X, dontStopAppOnReset: true, javascriptEnabled: true, locationContextEnabled: false, networkConnectionEnabled: true, pixelRatio: 3, platform: LINUX, platformName: Android, platformVersion: 9, skipDeviceInitialization: true, statBarHeight: 90, systemPort: 10001, takesScreenshot: true, udid: HNB50U8X, viewportRect: {height: 2016, left: 0, top: 90, width: 1080}, warnings: {}, webStorageEnabled: false}
Session ID: 496eff81-e69f-469e-9bbc-e1fa0d8eda14
at sun.reflect.NativeConstructorAccessorImpl.newInstance0(Native Method)
at sun.reflect.NativeConstructorAccessorImpl.newInstance(NativeConstructorAccessorImpl.java:62)
at sun.reflect.DelegatingConstructorAccessorImpl.newInstance(DelegatingConstructorAccessorImpl.java:45)
at java.lang.reflect.Constructor.newInstance(Constructor.java:423)
at org.openqa.selenium.remote.http.W3CHttpResponseCodec.createException(W3CHttpResponseCodec.java:187)
at org.openqa.selenium.remote.http.W3CHttpResponseCodec.decode(W3CHttpResponseCodec.java:122)
at org.openqa.selenium.remote.http.W3CHttpResponseCodec.decode(W3CHttpResponseCodec.java:49)
at org.openqa.selenium.remote.HttpCommandExecutor.execute(HttpCommandExecutor.java:158)
at io.appium.java_client.remote.AppiumCommandExecutor.execute(AppiumCommandExecutor.java:239)
at org.openqa.selenium.remote.RemoteWebDriver.execute(RemoteWebDriver.java:552)
at io.appium.java_client.DefaultGenericMobileDriver.execute(DefaultGenericMobileDriver.java:41)
at io.appium.java_client.AppiumDriver.execute(AppiumDriver.java:1)
at io.appium.java_client.android.AndroidDriver.execute(AndroidDriver.java:1)
at org.openqa.selenium.remote.RemoteWebElement.execute(RemoteWebElement.java:285)
at io.appium.java_client.DefaultGenericMobileElement.execute(DefaultGenericMobileElement.java:45)
at io.appium.java_client.MobileElement.execute(MobileElement.java:1)
at io.appium.java_client.android.AndroidElement.execute(AndroidElement.java:1)
at org.openqa.selenium.remote.RemoteWebElement.isDisplayed(RemoteWebElement.java:326)
at org.openqa.selenium.support.ui.ExpectedConditions.elementIfVisible(ExpectedConditions.java:314)
at org.openqa.selenium.support.ui.ExpectedConditions.access$000(ExpectedConditions.java:43)
at org.openqa.selenium.support.ui.ExpectedConditions$10.apply(ExpectedConditions.java:300)
at org.openqa.selenium.support.ui.ExpectedConditions$10.apply(ExpectedConditions.java:297)
at org.openqa.selenium.support.ui.FluentWait.until(FluentWait.java:249)
at com.keylessQE.BaseTest.waitForVisibility(BaseTest.java:340)
at com.keylessQE.BaseTest.getAttribute(BaseTest.java:427)
at com.keylessQE.BaseTest.getText(BaseTest.java:435)
at com.keyless.ManageTab.DeviceNames.checkUpdatedDeviceNameInDashboard(DeviceNames.java:127)
at com.keyless.ManageTab.DeviceNames.updateDeviceNames(DeviceNames.java:197)
at com.keylessQE.test.ManageTab.DeviceNamesTest.deviceNamesTest(DeviceNamesTest.java:51)
at sun.reflect.NativeMethodAccessorImpl.invoke0(Native Method)
at sun.reflect.NativeMethodAccessorImpl.invoke(NativeMethodAccessorImpl.java:62)
at sun.reflect.DelegatingMethodAccessorImpl.invoke(DelegatingMethodAccessorImpl.java:43)
at java.lang.reflect.Method.invoke(Method.java:498)
at org.testng.internal.MethodInvocationHelper.invokeMethod(MethodInvocationHelper.java:133)
at org.testng.internal.TestInvoker.invokeMethod(TestInvoker.java:598)
at org.testng.internal.TestInvoker.invokeTestMethod(TestInvoker.java:173)
at org.testng.internal.MethodRunner.runInSequence(MethodRunner.java:46)
at org.testng.internal.TestInvoker$MethodInvocationAgent.invoke(TestInvoker.java:824)
at org.testng.internal.TestInvoker.invokeTestMethods(TestInvoker.java:146)
at org.testng.internal.TestMethodWorker.invokeTestMethods(TestMethodWorker.java:146)
at org.testng.internal.TestMethodWorker.run(TestMethodWorker.java:128)
at java.util.ArrayList.forEach(ArrayList.java:1257)
at org.testng.TestRunner.privateRun(TestRunner.java:794)
at org.testng.TestRunner.run(TestRunner.java:596)
at org.testng.SuiteRunner.runTest(SuiteRunner.java:377)
at org.testng.SuiteRunner.access$000(SuiteRunner.java:28)
at org.testng.SuiteRunner$SuiteWorker.run(SuiteRunner.java:418)
at org.testng.internal.thread.ThreadUtil.lambda$execute$0(ThreadUtil.java:64)
at java.util.concurrent.FutureTask.run(FutureTask.java:266)
at java.util.concurrent.ThreadPoolExecutor.runWorker(ThreadPoolExecutor.java:1149)
at java.util.concurrent.ThreadPoolExecutor$Worker.run(ThreadPoolExecutor.java:624)
at java.lang.Thread.run(Thread.java:748)
]]>
        </error>
    </testcase> <!-- deviceNamesTest -->
    <system-out>
        <![CDATA[This is the sample screenshot
<a href='/Users/rentlycoimbatore/eclipse-workspace/keyless/Screenshots/null_null_null/2021-08-18-21-12-33/DeviceNamesTest/deviceNamesTest.png'> <img src='/Users/rentlycoimbatore/eclipse-workspace/keyless/Screenshots/null_null_null/2021-08-18-21-12-33/DeviceNamesTest/deviceNamesTest.png' height='400' width='400'/> </a>]]>
    </system-out>
</testsuite> <!-- com.keylessQE.test.ManageTab.DeviceNamesTest -->
