<?xml version="1.0" encoding="UTF-8"?>
<!-- Generated by org.testng.reporters.JUnitReportReporter -->
<testsuite skipped="0" hostname="Harsha.local" name="com.keylessQE.test.AccountTab.SettingsTest" tests="1" failures="0"
           timestamp="2021-07-27T15:18:01 IST" time="33.926" errors="0">
    <testcase name="settings" time="33.926" classname="com.keylessQE.test.AccountTab.SettingsTest"/>
    <system-out/>
</testsuite> <!-- com.keylessQE.test.AccountTab.SettingsTest -->
