<?xml version="1.0" encoding="UTF-8"?>
<!-- Generated by org.testng.reporters.JUnitReportReporter -->
<testsuite skipped="0" hostname="Harsha.local" name="com.keylessQE.test.Devices.SirenTest" tests="2" failures="0"
           timestamp="2021-08-20T14:51:52 IST" time="114.902" errors="0">
    <testcase name="SirenTest1" time="73.492" classname="com.keylessQE.test.Devices.SirenTest"/>
    <system-out/>
    <testcase name="SirenTest2" time="41.410" classname="com.keylessQE.test.Devices.SirenTest"/>
    <system-out/>
</testsuite> <!-- com.keylessQE.test.Devices.SirenTest -->
