<?xml version="1.0" encoding="UTF-8"?>
<!-- Generated by org.testng.reporters.JUnitReportReporter -->
<testsuite skipped="0" hostname="Harsha.local" name="com.keylessQE.test.ManageTab.ActivityTest" tests="1" failures="0"
           timestamp="2021-07-27T15:18:01 IST" time="190.168" errors="0">
    <testcase name="activityTest" time="190.168" classname="com.keylessQE.test.ManageTab.ActivityTest"/>
    <system-out/>
</testsuite> <!-- com.keylessQE.test.ManageTab.ActivityTest -->
