<?xml version="1.0" encoding="UTF-8"?>
<!-- Generated by org.testng.reporters.JUnitReportReporter -->
<testsuite skipped="0" hostname="Rakeshs-Air" name="com.keylessQE.test.Testclass" tests="2" failures="0"
           timestamp="25 Oct 2020 13:41:57 GMT" time="18.305" errors="0">
    <testcase name="Beforetest" time="14.927" classname="com.keylessQE.test.Testclass"/>
    <testcase name="test" time="3.378" classname="com.keylessQE.test.Testclass"/>
</testsuite> <!-- com.keylessQE.test.Testclass -->
