<?xml version="1.0" encoding="UTF-8"?>
<!-- Generated by org.testng.reporters.JUnitReportReporter -->
<testsuite skipped="0" hostname="Harsha.local" name="com.keylessQE.test.LoginTest" tests="1" failures="0"
           timestamp="2021-08-18T21:20:02 IST" time="10.445" errors="0">
    <testcase name="managerLogin" time="10.445" classname="com.keylessQE.test.LoginTest"/>
    <system-out/>
</testsuite> <!-- com.keylessQE.test.LoginTest -->
