<?xml version="1.0" encoding="UTF-8"?>
<!-- Generated by org.testng.reporters.JUnitReportReporter -->
<testsuite hostname="Rakeshs-Air" name="com.keylessQE.test.Thermostat_Dashboard_Test" tests="5" failures="0"
           timestamp="3 Mar 2021 00:26:47 GMT" time="93.516" errors="0">
    <testcase name="ChngeHeatModeBtn" time="15.885" classname="com.keylessQE.test.Thermostat_Dashboard_Test"/>
    <testcase name="ChngeAutoModeBtn" time="26.496" classname="com.keylessQE.test.Thermostat_Dashboard_Test"/>
    <testcase name="AutoModeScreenText" time="20.608" classname="com.keylessQE.test.Thermostat_Dashboard_Test"/>
    <testcase name="ChngeCoolModeBtn" time="16.013" classname="com.keylessQE.test.Thermostat_Dashboard_Test"/>
    <testcase name="OffModeBtn" time="14.514" classname="com.keylessQE.test.Thermostat_Dashboard_Test"/>
</testsuite> <!-- com.keylessQE.test.Thermostat_Dashboard_Test -->
