<?xml version="1.0" encoding="UTF-8"?>
<!-- Generated by org.testng.reporters.JUnitReportReporter -->
<testsuite skipped="0" hostname="Harsha.local" name="com.keylessQE.test.AccountTab.SupportScreenTest" tests="3"
           failures="0" timestamp="2021-07-27T15:18:01 IST" time="26.024" errors="0">
    <testcase name="helpArticleSupport" time="15.064" classname="com.keylessQE.test.AccountTab.SupportScreenTest"/>
    <system-out/>
    <testcase name="phoneSupport" time="5.550" classname="com.keylessQE.test.AccountTab.SupportScreenTest"/>
    <system-out/>
    <testcase name="emailSupport" time="5.410" classname="com.keylessQE.test.AccountTab.SupportScreenTest"/>
    <system-out/>
</testsuite> <!-- com.keylessQE.test.AccountTab.SupportScreenTest -->
