<?xml version="1.0" encoding="UTF-8"?>
<!-- Generated by org.testng.reporters.JUnitReportReporter -->
<testsuite skipped="0" hostname="Harsha.local" name="com.keylessQE.test.AccountTab.PrivacyPolicyTest" tests="1"
           failures="0" timestamp="2021-07-27T15:18:01 IST" time="10.229" errors="0">
    <testcase name="privacyPolicyTest" time="10.229" classname="com.keylessQE.test.AccountTab.PrivacyPolicyTest"/>
    <system-out/>
</testsuite> <!-- com.keylessQE.test.AccountTab.PrivacyPolicyTest -->
