<?xml version="1.0" encoding="UTF-8"?>
<!-- Generated by org.testng.reporters.JUnitReportReporter -->
<testsuite skipped="0" hostname="Harsha.local" name="com.keylessQE.test.AccountTab.UserGuideTest" tests="13"
           failures="0" timestamp="2021-07-27T15:18:01 IST" time="82.273" errors="0">
    <testcase name="tapSkipBtn" time="36.944" classname="com.keylessQE.test.AccountTab.UserGuideTest"/>
    <system-out/>
    <testcase name="tapNxtBtn" time="2.731" classname="com.keylessQE.test.AccountTab.UserGuideTest"/>
    <system-out/>
    <testcase name="UG2" time="3.415" classname="com.keylessQE.test.AccountTab.UserGuideTest"/>
    <system-out/>
    <testcase name="UG3" time="3.239" classname="com.keylessQE.test.AccountTab.UserGuideTest"/>
    <system-out/>
    <testcase name="UG4" time="3.352" classname="com.keylessQE.test.AccountTab.UserGuideTest"/>
    <system-out/>
    <testcase name="UG5" time="3.097" classname="com.keylessQE.test.AccountTab.UserGuideTest"/>
    <system-out/>
    <testcase name="UG6" time="3.908" classname="com.keylessQE.test.AccountTab.UserGuideTest"/>
    <system-out/>
    <testcase name="UG7" time="3.125" classname="com.keylessQE.test.AccountTab.UserGuideTest"/>
    <system-out/>
    <testcase name="UG8" time="3.836" classname="com.keylessQE.test.AccountTab.UserGuideTest"/>
    <system-out/>
    <testcase name="UG9" time="2.249" classname="com.keylessQE.test.AccountTab.UserGuideTest"/>
    <system-out/>
    <testcase name="UGDone" time="2.501" classname="com.keylessQE.test.AccountTab.UserGuideTest"/>
    <system-out/>
    <testcase name="UGDonePopup" time="2.091" classname="com.keylessQE.test.AccountTab.UserGuideTest"/>
    <system-out/>
    <testcase name="UGDoneClosePopup" time="11.785" classname="com.keylessQE.test.AccountTab.UserGuideTest"/>
    <system-out/>
</testsuite> <!-- com.keylessQE.test.AccountTab.UserGuideTest -->
