<?xml version="1.0" encoding="UTF-8"?>
<!-- Generated by org.testng.reporters.JUnitReportReporter -->
<testsuite skipped="0" hostname="Rakeshs-Air" name="com.keylessQE.Runner" tests="1" failures="0"
           timestamp="19 Jan 2021 07:27:52 GMT" time="9.557" errors="0">
    <testcase name="invalidusername" time="9.557" classname="com.keylessQE.Runner"/>
</testsuite> <!-- com.keylessQE.Runner -->
